app/build/intermediates/manifest_merge_blame_file/debug/manifest-merger-blame-debug-report.txt
1<?xml version="1.0" encoding="utf-8"?>
2<manifest xmlns:android="http://schemas.android.com/apk/res/android"
3    package="com.sin.android.pl2303hxa"
4    android:versionCode="2"
5    android:versionName="2.0" >
6
7    <uses-sdk
7-->src\main\AndroidManifest.xml:7:5-9:41
8        android:minSdkVersion="14"
8-->src\main\AndroidManifest.xml:8:9-35
9        android:targetSdkVersion="28" />
9-->src\main\AndroidManifest.xml:9:9-38
10
11    <uses-permission android:name="android.hardware.usb.host" />
11-->src\main\AndroidManifest.xml:11:5-65
11-->src\main\AndroidManifest.xml:11:22-62
12    <uses-permission android:name="android.hardware.usb.accessory" />
12-->src\main\AndroidManifest.xml:12:5-70
12-->src\main\AndroidManifest.xml:12:22-67
13
14    <application
14-->src\main\AndroidManifest.xml:14:5-29:19
15        android:allowBackup="true"
15-->src\main\AndroidManifest.xml:15:9-35
16        android:appComponentFactory="android.support.v4.app.CoreComponentFactory"
16-->[com.android.support:support-compat:28.0.0] AndroidManifest.xml:22:18-91
17        android:debuggable="true"
18        android:icon="@drawable/ic_launcher"
18-->src\main\AndroidManifest.xml:16:9-45
19        android:label="@string/app_name"
19-->src\main\AndroidManifest.xml:17:9-41
20        android:theme="@style/AppTheme" >
20-->src\main\AndroidManifest.xml:18:9-40
21        <activity
21-->src\main\AndroidManifest.xml:19:9-28:20
22            android:name="com.shablovskiy91.android.pl2303terminal.MainActivity"
22-->src\main\AndroidManifest.xml:20:13-81
23            android:configChanges="orientation|keyboardHidden"
23-->src\main\AndroidManifest.xml:21:13-63
24            android:label="@string/app_name" >
24-->src\main\AndroidManifest.xml:22:13-45
25            <intent-filter>
25-->src\main\AndroidManifest.xml:23:13-27:29
26                <action android:name="android.intent.action.MAIN" />
26-->src\main\AndroidManifest.xml:24:17-69
26-->src\main\AndroidManifest.xml:24:25-66
27
28                <category android:name="android.intent.category.LAUNCHER" />
28-->src\main\AndroidManifest.xml:26:17-77
28-->src\main\AndroidManifest.xml:26:27-74
29            </intent-filter>
30        </activity>
31    </application>
32
33</manifest>